\BOOKMARK [1][]{Title Page.1}{Title Page}{}% 1
\BOOKMARK [1][]{section.1}{1 Introduction}{}% 2
\BOOKMARK [1][]{section.2}{2 Methods}{}% 3
\BOOKMARK [2][]{subsection.2.1}{2.1 Patient Data}{section.2}% 4
\BOOKMARK [2][]{subsection.2.2}{2.2 Analytic Methods}{section.2}% 5
\BOOKMARK [1][]{section.3}{3 Results}{}% 6
\BOOKMARK [2][]{subsection.3.1}{3.1 Incidence Rates, Size Distribution, and Case Fatality Rates}{section.3}% 7
\BOOKMARK [2][]{subsection.3.2}{3.2 Gains in Life Expectancy}{section.3}% 8
\BOOKMARK [2][]{subsection.3.3}{3.3 Contribution by Age Group to Earlier Detection}{section.3}% 9
\BOOKMARK [2][]{subsection.3.4}{3.4 Varying Level of Overdiagnosis}{section.3}% 10
\BOOKMARK [1][]{section.4}{4 Discussion}{}% 11
\BOOKMARK [1][]{appendix.A}{A Computation of Incidence-Based Case Fatality Rates}{}% 12
\BOOKMARK [1][]{appendix.B}{B Adjustment for Overdiagnosis}{}% 13
\BOOKMARK [1][]{appendix.C}{C Computation of Tumor Size-Specific Life Expectancy}{}% 14
\BOOKMARK [1][]{appendix.D}{D Schematic Representation of the Methodology}{}% 15
\BOOKMARK [1][]{appendix.E}{E Decomposition by Tumor Size and Case Fatality Rates from Breast Cancer and Other Causes of Death}{}% 16
\BOOKMARK [1][]{appendix.F}{F Decomposition by Tumor Size, Case Fatality Rates from Breast Cancer and Other Causes of Death, and Age Group}{}% 17
\BOOKMARK [1][]{appendix.G}{G Assuming Constant Mortality Within Age Intervals}{}% 18
\BOOKMARK [1][]{appendix.H}{H Varying Overdiagnosis Level for <1cm and 1-3cm Tumors}{}% 19
\BOOKMARK [1][]{appendix.I}{I Varying Time Intervals Between Diagnosis and Death}{}% 20
\BOOKMARK [1][]{References.1}{References}{}% 21
